<test-run id="2" testcasecount="1" result="Passed" start-time="2024-06-06 10:43:37.597757" end-time="2024-06-06 10:43:56.763053" duration="19" total="1" passed="0" failed="1" inconclusive="0" skipped="0" asserts="0" clr-version="3.10.12 (main, Nov 20 2023, 15:14:05) [GCC 11.4.0]" engine-version="3.6.2"><command-line>/home/linux/whitecap/lib/venv/bin/pytest tests/test_oracle.py</command-line><filter><test re="0">tests/test_oracle.py</test></filter><test-suite id="tests/test_oracle.py::TestOracleLoader" name="tests/test_oracle.py::TestOracleLoader" fullname="tests/test_oracle.py::TestOracleLoader" methodname="" classname="" runstate="Runnable" type="Assembly" testcasecount="1" result="Passed" label="" start-time="2024-06-06 10:43:56.762225" end-time="2024-06-06 10:43:56.762812" duration="0.000587" asserts="0" total="1" passed="0" failed="1" warnings="0" inconclusive="0" skipped="0"><properties><property name="python_version" value="3.10.12 (main, Nov 20 2023, 15:14:05) [GCC 11.4.0]" /></properties><test-case id="100" name="tests/test_oracle.py::TestOracleLoader::test_load_data_query" fullname="tests/test_oracle.py::TestOracleLoader::test_load_data_query" methodname="test_load_data_query" classname="TestOracleLoader" runstate="Runnable" seed="1" result="Failed" label="" start-time="2024-06-06 10:43:56.762225" end-time="2024-06-06 10:43:56.762812" duration="0" asserts="0"><properties><property name="python-version" value="3.10.12 (main, Nov 20 2023, 15:14:05) [GCC 11.4.0]" /><property name="fspath" value="tests/test_oracle.py" /></properties><environment framework-version="3.6.2" clr-version="3.10.12 (main, Nov 20 2023, 15:14:05) [GCC 11.4.0]" os-version="5.15.146.1-microsoft-standard-WSL2" platform="Linux" cwd="/home/linux/whitecap/ingestion-lib" machine-name="x86_64" user="" user-domain="" culture="en_US" uiculture="en_US" os-architecture="64bit" /><failure><message><![CDATA[]]></message><stack-trace><![CDATA[]]></stack-trace></failure><reason><message><![CDATA[&#x1b;[33mWARNING &#x1b;[0m root:config.py:59 DOCKER_AUTH_CONFIG is experimental, see testcontainers/testcontainers-python#566
&#x1b;[32mINFO    &#x1b;[0m testcontainers.core.container:container.py:88 Pulling image testcontainers/ryuk:0.7.0
&#x1b;[32mINFO    &#x1b;[0m testcontainers.core.container:container.py:101 Container started: 9c9118c3d2ec
&#x1b;[32mINFO    &#x1b;[0m testcontainers.core.waiting_utils:waiting_utils.py:52 Waiting for container &lt;Container: 9c9118c3d2ec&gt; with image testcontainers/ryuk:0.7.0 to be ready ...
&#x1b;[32mINFO    &#x1b;[0m testcontainers.core.container:container.py:88 Pulling image gvenzl/oracle-free:slim
&#x1b;[32mINFO    &#x1b;[0m testcontainers.core.container:container.py:101 Container started: b76bf0faa55d
&#x1b;[32mINFO    &#x1b;[0m testcontainers.core.waiting_utils:waiting_utils.py:52 Waiting for container &lt;Container: b76bf0faa55d&gt; with image gvenzl/oracle-free:slim to be ready ...]]></message></reason><output><![CDATA[&#x1b;[33mWARNING &#x1b;[0m root:config.py:59 DOCKER_AUTH_CONFIG is experimental, see testcontainers/testcontainers-python#566
&#x1b;[32mINFO    &#x1b;[0m testcontainers.core.container:container.py:88 Pulling image testcontainers/ryuk:0.7.0
&#x1b;[32mINFO    &#x1b;[0m testcontainers.core.container:container.py:101 Container started: 9c9118c3d2ec
&#x1b;[32mINFO    &#x1b;[0m testcontainers.core.waiting_utils:waiting_utils.py:52 Waiting for container &lt;Container: 9c9118c3d2ec&gt; with image testcontainers/ryuk:0.7.0 to be ready ...
&#x1b;[32mINFO    &#x1b;[0m testcontainers.core.container:container.py:88 Pulling image gvenzl/oracle-free:slim
&#x1b;[32mINFO    &#x1b;[0m testcontainers.core.container:container.py:101 Container started: b76bf0faa55d
&#x1b;[32mINFO    &#x1b;[0m testcontainers.core.waiting_utils:waiting_utils.py:52 Waiting for container &lt;Container: b76bf0faa55d&gt; with image gvenzl/oracle-free:slim to be ready ...]]></output></test-case><environment framework-version="3.6.2" clr-version="3.10.12 (main, Nov 20 2023, 15:14:05) [GCC 11.4.0]" os-version="5.15.146.1-microsoft-standard-WSL2" platform="Linux" cwd="/home/linux/whitecap/ingestion-lib" machine-name="x86_64" user="" user-domain="" culture="en_US" uiculture="en_US" os-architecture="64bit" /></test-suite></test-run>